c:\users\rahul 3\desktop\typebaseddepanalyzer\parser\debug\vc140.pdb
c:\users\rahul 3\desktop\typebaseddepanalyzer\parser\debug\vc140.idb
c:\users\rahul 3\desktop\typebaseddepanalyzer\parser\debug\abstrsyntree.obj
c:\users\rahul 3\desktop\typebaseddepanalyzer\parser\debug\filesystem.obj
c:\users\rahul 3\desktop\typebaseddepanalyzer\parser\debug\grammarhelpers.obj
c:\users\rahul 3\desktop\typebaseddepanalyzer\parser\debug\logger.obj
c:\users\rahul 3\desktop\typebaseddepanalyzer\parser\debug\scopestack.obj
c:\users\rahul 3\desktop\typebaseddepanalyzer\parser\debug\semiexp.obj
c:\users\rahul 3\desktop\typebaseddepanalyzer\parser\debug\tokenizer.obj
c:\users\rahul 3\desktop\typebaseddepanalyzer\parser\debug\utilities.obj
c:\users\rahul 3\desktop\typebaseddepanalyzer\parser\debug\actionsandrules.obj
c:\users\rahul 3\desktop\typebaseddepanalyzer\parser\debug\configureparser.obj
c:\users\rahul 3\desktop\typebaseddepanalyzer\parser\debug\parser.obj
c:\users\rahul 3\desktop\typebaseddepanalyzer\debug\parser.ilk
c:\users\rahul 3\desktop\typebaseddepanalyzer\debug\parser.exe
c:\users\rahul 3\desktop\typebaseddepanalyzer\debug\parser.pdb
c:\users\rahul 3\desktop\typebaseddepanalyzer\parser\debug\parser.tlog\cl.command.1.tlog
c:\users\rahul 3\desktop\typebaseddepanalyzer\parser\debug\parser.tlog\cl.read.1.tlog
c:\users\rahul 3\desktop\typebaseddepanalyzer\parser\debug\parser.tlog\cl.write.1.tlog
c:\users\rahul 3\desktop\typebaseddepanalyzer\parser\debug\parser.tlog\link.command.1.tlog
c:\users\rahul 3\desktop\typebaseddepanalyzer\parser\debug\parser.tlog\link.read.1.tlog
c:\users\rahul 3\desktop\typebaseddepanalyzer\parser\debug\parser.tlog\link.write.1.tlog
